[
  {
    type: "program",
    typeId: 125,
    startPosition: { row: 0, column: 0 },
    startIndex: 0,
    endPosition: { row: 0, column: 10 },
    endIndex: 10,
    indent: "",
    rootLeadingWhitespace: "",
    hasChildren: true,
    children: [
      {
        type: "lexical_declaration",
        typeId: 138,
        startPosition: { row: 0, column: 0 },
        startIndex: 0,
        endPosition: { row: 0, column: 10 },
        endIndex: 10,
        indent: "",
        hasChildren: true,
        children: [
          {
            type: "let",
            typeId: 13,
            startPosition: { row: 0, column: 0 },
            startIndex: 0,
            endPosition: { row: 0, column: 3 },
            endIndex: 3,
            indent: "",
            hasChildren: false,
            children: []
          },
          WhitespaceNode {
            typeId: -1,
            type: "whitespace",
            text: " ",
            startIndex: 3,
            endIndex: 4,
            indent: "",
            hasChildren: false,
            children: []
          },
          {
            type: "variable_declarator",
            typeId: 139,
            startPosition: { row: 0, column: 4 },
            startIndex: 4,
            endPosition: { row: 0, column: 9 },
            endIndex: 9,
            indent: "",
            hasChildren: true,
            children: [
              {
                type: "identifier",
                typeId: 1,
                startPosition: { row: 0, column: 4 },
                startIndex: 4,
                endPosition: { row: 0, column: 5 },
                endIndex: 5,
                indent: "",
                hasChildren: false,
                children: []
              },
              WhitespaceNode {
                typeId: -1,
                type: "whitespace",
                text: " ",
                startIndex: 5,
                endIndex: 6,
                indent: "",
                hasChildren: false,
                children: []
              },
              {
                type: "=",
                typeId: 39,
                startPosition: { row: 0, column: 6 },
                startIndex: 6,
                endPosition: { row: 0, column: 7 },
                endIndex: 7,
                indent: "",
                hasChildren: false,
                children: []
              },
              WhitespaceNode {
                typeId: -1,
                type: "whitespace",
                text: " ",
                startIndex: 7,
                endIndex: 8,
                indent: "",
                hasChildren: false,
                children: []
              },
              {
                type: "number",
                typeId: 109,
                startPosition: { row: 0, column: 8 },
                startIndex: 8,
                endPosition: { row: 0, column: 9 },
                endIndex: 9,
                indent: "",
                hasChildren: false,
                children: []
              }
            ]
          },
          {
            type: ";",
            typeId: 33,
            startPosition: { row: 0, column: 9 },
            startIndex: 9,
            endPosition: { row: 0, column: 10 },
            endIndex: 10,
            indent: "",
            hasChildren: false,
            children: []
          }
        ]
      }
    ]
  },
  {
    type: "lexical_declaration",
    typeId: 138,
    startPosition: { row: 0, column: 0 },
    startIndex: 0,
    endPosition: { row: 0, column: 10 },
    endIndex: 10,
    indent: "",
    hasChildren: true,
    children: [
      {
        type: "let",
        typeId: 13,
        startPosition: { row: 0, column: 0 },
        startIndex: 0,
        endPosition: { row: 0, column: 3 },
        endIndex: 3,
        indent: "",
        hasChildren: false,
        children: []
      },
      WhitespaceNode {
        typeId: -1,
        type: "whitespace",
        text: " ",
        startIndex: 3,
        endIndex: 4,
        indent: "",
        hasChildren: false,
        children: []
      },
      {
        type: "variable_declarator",
        typeId: 139,
        startPosition: { row: 0, column: 4 },
        startIndex: 4,
        endPosition: { row: 0, column: 9 },
        endIndex: 9,
        indent: "",
        hasChildren: true,
        children: [
          {
            type: "identifier",
            typeId: 1,
            startPosition: { row: 0, column: 4 },
            startIndex: 4,
            endPosition: { row: 0, column: 5 },
            endIndex: 5,
            indent: "",
            hasChildren: false,
            children: []
          },
          WhitespaceNode {
            typeId: -1,
            type: "whitespace",
            text: " ",
            startIndex: 5,
            endIndex: 6,
            indent: "",
            hasChildren: false,
            children: []
          },
          {
            type: "=",
            typeId: 39,
            startPosition: { row: 0, column: 6 },
            startIndex: 6,
            endPosition: { row: 0, column: 7 },
            endIndex: 7,
            indent: "",
            hasChildren: false,
            children: []
          },
          WhitespaceNode {
            typeId: -1,
            type: "whitespace",
            text: " ",
            startIndex: 7,
            endIndex: 8,
            indent: "",
            hasChildren: false,
            children: []
          },
          {
            type: "number",
            typeId: 109,
            startPosition: { row: 0, column: 8 },
            startIndex: 8,
            endPosition: { row: 0, column: 9 },
            endIndex: 9,
            indent: "",
            hasChildren: false,
            children: []
          }
        ]
      },
      {
        type: ";",
        typeId: 33,
        startPosition: { row: 0, column: 9 },
        startIndex: 9,
        endPosition: { row: 0, column: 10 },
        endIndex: 10,
        indent: "",
        hasChildren: false,
        children: []
      }
    ]
  },
  {
    type: "let",
    typeId: 13,
    startPosition: { row: 0, column: 0 },
    startIndex: 0,
    endPosition: { row: 0, column: 3 },
    endIndex: 3,
    indent: "",
    hasChildren: false,
    children: []
  },
  WhitespaceNode {
    typeId: -1,
    type: "whitespace",
    text: " ",
    startIndex: 3,
    endIndex: 4,
    indent: "",
    hasChildren: false,
    children: []
  },
  {
    type: "variable_declarator",
    typeId: 139,
    startPosition: { row: 0, column: 4 },
    startIndex: 4,
    endPosition: { row: 0, column: 9 },
    endIndex: 9,
    indent: "",
    hasChildren: true,
    children: [
      {
        type: "identifier",
        typeId: 1,
        startPosition: { row: 0, column: 4 },
        startIndex: 4,
        endPosition: { row: 0, column: 5 },
        endIndex: 5,
        indent: "",
        hasChildren: false,
        children: []
      },
      WhitespaceNode {
        typeId: -1,
        type: "whitespace",
        text: " ",
        startIndex: 5,
        endIndex: 6,
        indent: "",
        hasChildren: false,
        children: []
      },
      {
        type: "=",
        typeId: 39,
        startPosition: { row: 0, column: 6 },
        startIndex: 6,
        endPosition: { row: 0, column: 7 },
        endIndex: 7,
        indent: "",
        hasChildren: false,
        children: []
      },
      WhitespaceNode {
        typeId: -1,
        type: "whitespace",
        text: " ",
        startIndex: 7,
        endIndex: 8,
        indent: "",
        hasChildren: false,
        children: []
      },
      {
        type: "number",
        typeId: 109,
        startPosition: { row: 0, column: 8 },
        startIndex: 8,
        endPosition: { row: 0, column: 9 },
        endIndex: 9,
        indent: "",
        hasChildren: false,
        children: []
      }
    ]
  },
  {
    type: "identifier",
    typeId: 1,
    startPosition: { row: 0, column: 4 },
    startIndex: 4,
    endPosition: { row: 0, column: 5 },
    endIndex: 5,
    indent: "",
    hasChildren: false,
    children: []
  },
  WhitespaceNode {
    typeId: -1,
    type: "whitespace",
    text: " ",
    startIndex: 5,
    endIndex: 6,
    indent: "",
    hasChildren: false,
    children: []
  },
  {
    type: "=",
    typeId: 39,
    startPosition: { row: 0, column: 6 },
    startIndex: 6,
    endPosition: { row: 0, column: 7 },
    endIndex: 7,
    indent: "",
    hasChildren: false,
    children: []
  },
  WhitespaceNode {
    typeId: -1,
    type: "whitespace",
    text: " ",
    startIndex: 7,
    endIndex: 8,
    indent: "",
    hasChildren: false,
    children: []
  },
  {
    type: "number",
    typeId: 109,
    startPosition: { row: 0, column: 8 },
    startIndex: 8,
    endPosition: { row: 0, column: 9 },
    endIndex: 9,
    indent: "",
    hasChildren: false,
    children: []
  },
  {
    type: ";",
    typeId: 33,
    startPosition: { row: 0, column: 9 },
    startIndex: 9,
    endPosition: { row: 0, column: 10 },
    endIndex: 10,
    indent: "",
    hasChildren: false,
    children: []
  }
]
{
    "type": "program",
    "typeId": 125,
    "startPosition": {
        "row": 0,
        "column": 0
    },
    "startIndex": 0,
    "endPosition": {
        "row": 0,
        "column": 10
    },
    "endIndex": 10,
    "indent": "",
    "rootLeadingWhitespace": "",
    "children": [
        {
            "type": "lexical_declaration",
            "typeId": 138,
            "startPosition": {
                "row": 0,
                "column": 0
            },
            "startIndex": 0,
            "endPosition": {
                "row": 0,
                "column": 10
            },
            "endIndex": 10,
            "indent": "",
            "children": [
                {
                    "type": "let",
                    "typeId": 13,
                    "startPosition": {
                        "row": 0,
                        "column": 0
                    },
                    "startIndex": 0,
                    "endPosition": {
                        "row": 0,
                        "column": 3
                    },
                    "endIndex": 3,
                    "indent": "",
                    "text": "let",
                    "children": []
                },
                {
                    "type": "whitespace",
                    "typeId": -1,
                    "startIndex": 3,
                    "endIndex": 4,
                    "indent": "",
                    "text": " ",
                    "children": []
                },
                {
                    "type": "variable_declarator",
                    "typeId": 139,
                    "startPosition": {
                        "row": 0,
                        "column": 4
                    },
                    "startIndex": 4,
                    "endPosition": {
                        "row": 0,
                        "column": 9
                    },
                    "endIndex": 9,
                    "indent": "",
                    "children": [
                        {
                            "type": "identifier",
                            "typeId": 1,
                            "startPosition": {
                                "row": 0,
                                "column": 4
                            },
                            "startIndex": 4,
                            "endPosition": {
                                "row": 0,
                                "column": 5
                            },
                            "endIndex": 5,
                            "indent": "",
                            "text": "x",
                            "children": []
                        },
                        {
                            "type": "whitespace",
                            "typeId": -1,
                            "startIndex": 5,
                            "endIndex": 6,
                            "indent": "",
                            "text": " ",
                            "children": []
                        },
                        {
                            "type": "=",
                            "typeId": 39,
                            "startPosition": {
                                "row": 0,
                                "column": 6
                            },
                            "startIndex": 6,
                            "endPosition": {
                                "row": 0,
                                "column": 7
                            },
                            "endIndex": 7,
                            "indent": "",
                            "text": "=",
                            "children": []
                        },
                        {
                            "type": "whitespace",
                            "typeId": -1,
                            "startIndex": 7,
                            "endIndex": 8,
                            "indent": "",
                            "text": " ",
                            "children": []
                        },
                        {
                            "type": "number",
                            "typeId": 109,
                            "startPosition": {
                                "row": 0,
                                "column": 8
                            },
                            "startIndex": 8,
                            "endPosition": {
                                "row": 0,
                                "column": 9
                            },
                            "endIndex": 9,
                            "indent": "",
                            "text": "1",
                            "children": []
                        }
                    ]
                },
                {
                    "type": ";",
                    "typeId": 33,
                    "startPosition": {
                        "row": 0,
                        "column": 9
                    },
                    "startIndex": 9,
                    "endPosition": {
                        "row": 0,
                        "column": 10
                    },
                    "endIndex": 10,
                    "indent": "",
                    "text": ";",
                    "children": []
                }
            ]
        }
    ]
}
