should be "function" : function
before gutting: <program text="function thing(arg1) {\n            let a = 10\n        }\n    " indent=undefined />
    <function_declaration text="function thing(arg1) {\n            let a = 10\n        }" indent=undefined />
        <function text="function" />
        <identifier text="thing" />
        <formal_parameters text="(arg1)" indent=undefined />
            <"(" text="(" />
            <identifier text="arg1" />
            <")" text=")" />
        </formal_parameters>
        <statement_block text="{\n            let a = 10\n        }" indent=undefined />
            <"{" text="{" />
            <lexical_declaration text="let a = 10" indent=undefined />
                <let text="let" />
                <variable_declarator text="a = 10" indent=undefined />
                    <identifier text="a" />
                    <"=" text="=" />
                    <number text="10" />
                </variable_declarator>
            </lexical_declaration>
            <"}" text="}" />
        </statement_block>
    </function_declaration>
</program>

tree.string is: 
        function thing(arg1) {
            let a = 10
        }
    
after gutting: <program text="async function thing(arg1) {\n            let a = 10\n        }\n    " indent=undefined />
    <function_declaration text="async function thing(arg1) {\n            let a = 10\n        }" indent=undefined />
        <function text="async function" />
        <identifier text="thing" />
        <formal_parameters text="(arg1)" indent=undefined />
            <"(" text="(" />
            <identifier text="arg1" />
            <")" text=")" />
        </formal_parameters>
        <statement_block text="{\n            let a = 10\n        }" indent=undefined />
            <"{" text="{" />
            <lexical_declaration text="let a = 10" indent=undefined />
                <let text="let" />
                <variable_declarator text="a = 10" indent=undefined />
                    <identifier text="a" />
                    <"=" text="=" />
                    <number text="10" />
                </variable_declarator>
            </lexical_declaration>
            <"}" text="}" />
        </statement_block>
    </function_declaration>
</program>

tree.string is: 
        async function thing(arg1) {
            let a = 10
        }
    
