<program>
    <function_declaration>
        <function text="function" />
        <identifier text="thing" />
        <formal_parameters>
            <"(" text="(" />
            <identifier text="arg1" />
            <")" text=")" />
        </formal_parameters>
        <statement_block>
            <"{" text="{" />
            <lexical_declaration>
                <let text="let" />
                <variable_declarator>
                    <identifier text="a" />
                    <"=" text="=" />
                    <number text="10" />
                </variable_declarator>
            </lexical_declaration>
            <"}" text="}" />
        </statement_block>
    </function_declaration>
</program>

<program text="function thing(arg1) {\n            let a = 10\n        }\n    " />
    <function_declaration text="function thing(arg1) {\n            let a = 10\n        }" />
        <function text="function" />
        <identifier text="thing" />
        <formal_parameters text="(arg1)" />
            <"(" text="(" />
            <identifier text="arg1" />
            <")" text=")" />
        </formal_parameters>
        <statement_block text="{\n            let a = 10\n        }" />
            <"{" text="{" />
            <lexical_declaration text="let a = 10" />
                <let text="let" />
                <variable_declarator text="a = 10" />
                    <identifier text="a" />
                    <"=" text="=" />
                    <number text="10" />
                </variable_declarator>
            </lexical_declaration>
            <"}" text="}" />
        </statement_block>
    </function_declaration>
</program>

